<?xml version="1.0" encoding="UTF-8"?>
<testng-results ignored="0" total="2" passed="2" failed="0" skipped="0">
  <reporter-output>
  </reporter-output>
  <suite started-at="2024-02-05T09:23:57 EST" name="Default suite" finished-at="2024-02-05T09:24:11 EST" duration-ms="14102">
    <groups>
    </groups>
    <test started-at="2024-02-05T09:23:57 EST" name="Default test" finished-at="2024-02-05T09:24:11 EST" duration-ms="14102">
      <class name="tests.TestPlayer">
        <test-method is-config="true" signature="setUp()[pri:0, instance:tests.TestPlayer@55a147cc]" started-at="2024-02-05T09:23:57 EST" name="setUp" finished-at="2024-02-05T09:24:07 EST" duration-ms="10110" status="PASS">
          <reporter-output>
          </reporter-output>
        </test-method> <!-- setUp -->
        <test-method signature="sampleTest()[pri:0, instance:tests.TestPlayer@55a147cc]" started-at="2024-02-05T09:24:07 EST" name="sampleTest" finished-at="2024-02-05T09:24:07 EST" duration-ms="8" status="PASS">
          <reporter-output>
          </reporter-output>
        </test-method> <!-- sampleTest -->
        <test-method signature="testWelcomeScreen()[pri:0, instance:tests.TestPlayer@55a147cc]" started-at="2024-02-05T09:24:07 EST" name="testWelcomeScreen" finished-at="2024-02-05T09:24:11 EST" duration-ms="3424" status="PASS">
          <reporter-output>
          </reporter-output>
        </test-method> <!-- testWelcomeScreen -->
        <test-method is-config="true" signature="tearDOwn()[pri:0, instance:tests.TestPlayer@55a147cc]" started-at="2024-02-05T09:24:11 EST" name="tearDOwn" finished-at="2024-02-05T09:24:11 EST" duration-ms="497" status="PASS">
          <reporter-output>
          </reporter-output>
        </test-method> <!-- tearDOwn -->
      </class> <!-- tests.TestPlayer -->
    </test> <!-- Default test -->
  </suite> <!-- Default suite -->
</testng-results>
